<?xml version="1.0" encoding="UTF-8"?>
<testng-results skipped="0" failed="0" ignored="0" total="1" passed="1">
  <reporter-output>
  </reporter-output>
  <suite name="Default suite" duration-ms="21201" started-at="2021-01-11T15:05:49Z" finished-at="2021-01-11T15:06:10Z">
    <groups>
    </groups>
    <test name="Default test" duration-ms="21201" started-at="2021-01-11T15:05:49Z" finished-at="2021-01-11T15:06:10Z">
      <class name="assignment1.Assignment1_4">
        <test-method status="PASS" signature="m1()[pri:0, instance:assignment1.Assignment1_4@39529185]" name="m1" duration-ms="21005" started-at="2021-01-11T15:05:49Z" finished-at="2021-01-11T15:06:10Z">
          <reporter-output>
          </reporter-output>
        </test-method> <!-- m1 -->
      </class> <!-- assignment1.Assignment1_4 -->
    </test> <!-- Default test -->
  </suite> <!-- Default suite -->
</testng-results>
